Determining if the pthread_create exist failed with the following output:
Change Dir: /home/user/ClionProjects/telegram/cmake-build-debug/CMakeFiles/CMakeTmp

Run Build Command:"/usr/bin/make" "cmTC_12dd9/fast"
make[1]: Entering directory '/home/user/ClionProjects/telegram/cmake-build-debug/CMakeFiles/CMakeTmp'
/usr/bin/make -f CMakeFiles/cmTC_12dd9.dir/build.make CMakeFiles/cmTC_12dd9.dir/build
make[2]: Entering directory '/home/user/ClionProjects/telegram/cmake-build-debug/CMakeFiles/CMakeTmp'
Building C object CMakeFiles/cmTC_12dd9.dir/CheckSymbolExists.c.o
/usr/bin/cc     -o CMakeFiles/cmTC_12dd9.dir/CheckSymbolExists.c.o   -c /home/user/ClionProjects/telegram/cmake-build-debug/CMakeFiles/CMakeTmp/CheckSymbolExists.c
Linking C executable cmTC_12dd9
/home/user/Documents/clion-2016.3/bin/cmake/bin/cmake -E cmake_link_script CMakeFiles/cmTC_12dd9.dir/link.txt --verbose=1
/usr/bin/cc       CMakeFiles/cmTC_12dd9.dir/CheckSymbolExists.c.o  -o cmTC_12dd9 -rdynamic 
CMakeFiles/cmTC_12dd9.dir/CheckSymbolExists.c.o: In function `main':
CheckSymbolExists.c:(.text+0x16): undefined reference to `pthread_create'
collect2: error: ld returned 1 exit status
CMakeFiles/cmTC_12dd9.dir/build.make:97: recipe for target 'cmTC_12dd9' failed
make[2]: *** [cmTC_12dd9] Error 1
make[2]: Leaving directory '/home/user/ClionProjects/telegram/cmake-build-debug/CMakeFiles/CMakeTmp'
Makefile:126: recipe for target 'cmTC_12dd9/fast' failed
make[1]: *** [cmTC_12dd9/fast] Error 2
make[1]: Leaving directory '/home/user/ClionProjects/telegram/cmake-build-debug/CMakeFiles/CMakeTmp'

File /home/user/ClionProjects/telegram/cmake-build-debug/CMakeFiles/CMakeTmp/CheckSymbolExists.c:
/* */
#include <pthread.h>

int main(int argc, char** argv)
{
  (void)argv;
#ifndef pthread_create
  return ((int*)(&pthread_create))[argc];
#else
  (void)argc;
  return 0;
#endif
}

Determining if the function pthread_create exists in the pthreads failed with the following output:
Change Dir: /home/user/ClionProjects/telegram/cmake-build-debug/CMakeFiles/CMakeTmp

Run Build Command:"/usr/bin/make" "cmTC_eef08/fast"
make[1]: Entering directory '/home/user/ClionProjects/telegram/cmake-build-debug/CMakeFiles/CMakeTmp'
/usr/bin/make -f CMakeFiles/cmTC_eef08.dir/build.make CMakeFiles/cmTC_eef08.dir/build
make[2]: Entering directory '/home/user/ClionProjects/telegram/cmake-build-debug/CMakeFiles/CMakeTmp'
Building C object CMakeFiles/cmTC_eef08.dir/CheckFunctionExists.c.o
/usr/bin/cc    -DCHECK_FUNCTION_EXISTS=pthread_create   -o CMakeFiles/cmTC_eef08.dir/CheckFunctionExists.c.o   -c /home/user/Documents/clion-2016.3/bin/cmake/share/cmake-3.6/Modules/CheckFunctionExists.c
Linking C executable cmTC_eef08
/home/user/Documents/clion-2016.3/bin/cmake/bin/cmake -E cmake_link_script CMakeFiles/cmTC_eef08.dir/link.txt --verbose=1
/usr/bin/cc   -DCHECK_FUNCTION_EXISTS=pthread_create    CMakeFiles/cmTC_eef08.dir/CheckFunctionExists.c.o  -o cmTC_eef08 -rdynamic -lpthreads 
/usr/bin/ld: cannot find -lpthreads
collect2: error: ld returned 1 exit status
CMakeFiles/cmTC_eef08.dir/build.make:97: recipe for target 'cmTC_eef08' failed
make[2]: *** [cmTC_eef08] Error 1
make[2]: Leaving directory '/home/user/ClionProjects/telegram/cmake-build-debug/CMakeFiles/CMakeTmp'
Makefile:126: recipe for target 'cmTC_eef08/fast' failed
make[1]: *** [cmTC_eef08/fast] Error 2
make[1]: Leaving directory '/home/user/ClionProjects/telegram/cmake-build-debug/CMakeFiles/CMakeTmp'


